<?xml version="1.0" encoding="UTF-8"?>
<!-- Generated by org.testng.reporters.JUnitReportReporter -->
<testsuite hostname="SHRUTIP01" failures="0" tests="1" name="testCases.TC001_LoginPage" time="39.651" errors="0" timestamp="2025-07-28T11:06:46 IST" skipped="0">
  <testcase classname="testCases.TC001_LoginPage" name="Verify_Login" time="39.651"/>
  <system-out/>
</testsuite> <!-- testCases.TC001_LoginPage -->
