<?xml version="1.0" encoding="UTF-8"?>
<!-- Generated by org.testng.reporters.JUnitReportReporter -->
<testsuite hostname="SHRUTIP01" failures="0" tests="1" name="testCases.TC001_AccountRegistrationPage" time="18.382" errors="0" timestamp="2025-07-28T08:43:24 IST" skipped="0">
  <testcase classname="testCases.TC001_AccountRegistrationPage" name="Verify_account_registration" time="18.382"/>
  <system-out/>
</testsuite> <!-- testCases.TC001_AccountRegistrationPage -->
